[35m[1mConsolidate compiler generated dependencies of target bt_executor[0m
[ 25%] Built target test_client
[ 37%] [32mBuilding CXX object CMakeFiles/bt_executor.dir/src/main.cpp.o[0m
In file included from [01m[K/home/oumuika/Documents/mirs2403/src/carry_project/carry/src/main.cpp:7[m[K:
[01m[K/home/oumuika/Documents/mirs2403/src/carry_project/carry/include/bt_actions/subscribe_pose.hpp:15:48:[m[K [01;31m[Kerror: [m[Kâ€˜[01m[KNodeConfig[m[Kâ€™ does not name a type
   15 |   SubscribePose(const std::string& name, const [01;31m[KNodeConfig[m[K& config, rclcpp::Node::SharedPtr shared_node)
      |                                                [01;31m[K^~~~~~~~~~[m[K
[01m[K/home/oumuika/Documents/mirs2403/src/carry_project/carry/include/bt_actions/subscribe_pose.hpp:[m[K In constructor â€˜[01m[KBT::SubscribePose::SubscribePose(const string&, const int&, rclcpp::Node::SharedPtr)[m[Kâ€™:
[01m[K/home/oumuika/Documents/mirs2403/src/carry_project/carry/include/bt_actions/subscribe_pose.hpp:16:54:[m[K [01;31m[Kerror: [m[Kno matching function for call to â€˜[01m[KBT::SyncActionNode::SyncActionNode(const string&, const int&)[m[Kâ€™
   16 |     : SyncActionNode(name, config), node_(shared_node[01;31m[K)[m[K
      |                                                      [01;31m[K^[m[K
In file included from [01m[K/home/oumuika/Documents/mirs2403/src/carry_project/carry/include/bt_actions/first_test.hpp:6[m[K,
                 from [01m[K/home/oumuika/Documents/mirs2403/src/carry_project/carry/src/main.cpp:2[m[K:
[01m[K/opt/ros/humble/include/behaviortree_cpp_v3/action_node.h:55:3:[m[K [01;36m[Knote: [m[Kcandidate: â€˜[01m[KBT::SyncActionNode::SyncActionNode(const string&, const BT::NodeConfiguration&)[m[Kâ€™
   55 |   [01;36m[KSyncActionNode[m[K(const std::string& name, const NodeConfiguration& config);
      |   [01;36m[K^~~~~~~~~~~~~~[m[K
[01m[K/opt/ros/humble/include/behaviortree_cpp_v3/action_node.h:55:68:[m[K [01;36m[Knote: [m[K  no known conversion for argument 2 from â€˜[01m[Kconst int[m[Kâ€™ to â€˜[01m[Kconst BT::NodeConfiguration&[m[Kâ€™
   55 | ncActionNode(const std::string& name, [01;36m[Kconst NodeConfiguration& config[m[K);
      |                                       [01;36m[K~~~~~~~~~~~~~~~~~~~~~~~~~^~~~~~[m[K

[01m[K/home/oumuika/Documents/mirs2403/src/carry_project/carry/src/main.cpp:[m[K In lambda function:
[01m[K/home/oumuika/Documents/mirs2403/src/carry_project/carry/src/main.cpp:63:62:[m[K [01;31m[Kerror: [m[Kâ€˜[01m[Kros_node[m[Kâ€™ is not captured
   63 |         return std::make_unique<SubscribePose>(name, config, [01;31m[Kros_node[m[K);
      |                                                              [01;31m[K^~~~~~~~[m[K
[01m[K/home/oumuika/Documents/mirs2403/src/carry_project/carry/src/main.cpp:62:33:[m[K [01;36m[Knote: [m[Kthe lambda has no capture-default
   62 |     NodeBuilder node_builder = [[01;36m[K][m[K(const std::string& name, const NodeConfiguration& config) {
      |                                 [01;36m[K^[m[K
[01m[K/home/oumuika/Documents/mirs2403/src/carry_project/carry/src/main.cpp:21:10:[m[K [01;36m[Knote: [m[Kâ€˜[01m[Kstd::shared_ptr<rclcpp::Node> ros_node[m[Kâ€™ declared here
   21 |     auto [01;36m[Kros_node[m[K = rclcpp::Node::make_shared("bt_node");
      |          [01;36m[K^~~~~~~~[m[K
[01m[K/home/oumuika/Documents/mirs2403/src/carry_project/carry/src/main.cpp:[m[K In function â€˜[01m[Kint main(int, char**)[m[Kâ€™:
[01m[K/home/oumuika/Documents/mirs2403/src/carry_project/carry/src/main.cpp:64:5:[m[K [01;31m[Kerror: [m[Kconversion from â€˜[01m[Kmain(int, char**)::<lambda(const string&, const BT::NodeConfiguration&)>[m[Kâ€™ to non-scalar type â€˜[01m[KBT::NodeBuilder[m[Kâ€™ {aka â€˜[01m[Kstd::function<std::unique_ptr<BT::TreeNode>(const std::__cxx11::basic_string<char>&, const BT::NodeConfiguration&)>[m[Kâ€™} requested
   64 |     [01;31m[K}[m[K;
      |     [01;31m[K^[m[K
gmake[2]: *** [CMakeFiles/bt_executor.dir/build.make:76: CMakeFiles/bt_executor.dir/src/main.cpp.o] Error 1
gmake[1]: *** [CMakeFiles/Makefile2:139: CMakeFiles/bt_executor.dir/all] Error 2
gmake: *** [Makefile:146: all] Error 2
