[35m[1mConsolidate compiler generated dependencies of target test_client[0m
[35m[1mConsolidate compiler generated dependencies of target bt_executor[0m
[ 25%] Built target test_client
[ 50%] [32mBuilding CXX object CMakeFiles/bt_executor.dir/src/main.cpp.o[0m
[ 50%] [32mBuilding CXX object CMakeFiles/bt_executor.dir/src/check_call_service.cpp.o[0m
In file included from [01m[K/home/oumuika/Documents/mirs2403/src/carry_project/carry/src/main.cpp:7[m[K:
[01m[K/home/oumuika/Documents/mirs2403/src/carry_project/carry/include/bt_actions/subscribe_pose.hpp:15:48:[m[K [01;31m[Kerror: [m[Kâ€˜[01m[KNodeConfig[m[Kâ€™ does not name a type
   15 |   SubscribePose(const std::string& name, const [01;31m[KNodeConfig[m[K& config, rclcpp::Node::SharedPtr shared_node)
      |                                                [01;31m[K^~~~~~~~~~[m[K
[01m[K/home/oumuika/Documents/mirs2403/src/carry_project/carry/include/bt_actions/subscribe_pose.hpp:[m[K In constructor â€˜[01m[KBT::SubscribePose::SubscribePose(const string&, const int&, rclcpp::Node::SharedPtr)[m[Kâ€™:
[01m[K/home/oumuika/Documents/mirs2403/src/carry_project/carry/include/bt_actions/subscribe_pose.hpp:16:54:[m[K [01;31m[Kerror: [m[Kno matching function for call to â€˜[01m[KBT::SyncActionNode::SyncActionNode(const string&, const int&)[m[Kâ€™
   16 |     : SyncActionNode(name, config), node_(shared_node[01;31m[K)[m[K
      |                                                      [01;31m[K^[m[K
In file included from [01m[K/home/oumuika/Documents/mirs2403/src/carry_project/carry/include/bt_actions/first_test.hpp:6[m[K,
                 from [01m[K/home/oumuika/Documents/mirs2403/src/carry_project/carry/src/main.cpp:2[m[K:
[01m[K/opt/ros/humble/include/behaviortree_cpp_v3/action_node.h:55:3:[m[K [01;36m[Knote: [m[Kcandidate: â€˜[01m[KBT::SyncActionNode::SyncActionNode(const string&, const BT::NodeConfiguration&)[m[Kâ€™
   55 |   [01;36m[KSyncActionNode[m[K(const std::string& name, const NodeConfiguration& config);
      |   [01;36m[K^~~~~~~~~~~~~~[m[K
[01m[K/opt/ros/humble/include/behaviortree_cpp_v3/action_node.h:55:68:[m[K [01;36m[Knote: [m[K  no known conversion for argument 2 from â€˜[01m[Kconst int[m[Kâ€™ to â€˜[01m[Kconst BT::NodeConfiguration&[m[Kâ€™
   55 | ncActionNode(const std::string& name, [01;36m[Kconst NodeConfiguration& config[m[K);
      |                                       [01;36m[K~~~~~~~~~~~~~~~~~~~~~~~~~^~~~~~[m[K

[01m[K/home/oumuika/Documents/mirs2403/src/carry_project/carry/src/main.cpp:[m[K In lambda function:
[01m[K/home/oumuika/Documents/mirs2403/src/carry_project/carry/src/main.cpp:63:33:[m[K [01;31m[Kerror: [m[Kâ€˜[01m[KAction_A[m[Kâ€™ was not declared in this scope
   63 |         return std::make_unique<[01;31m[KAction_A[m[K>(name, config, 42, 3.14, "hello world");
      |                                 [01;31m[K^~~~~~~~[m[K
[01m[K/home/oumuika/Documents/mirs2403/src/carry_project/carry/src/main.cpp:63:42:[m[K [01;31m[Kerror: [m[Kno matching function for call to â€˜[01m[Kmake_unique<<expression error> >(const string&, const BT::NodeConfiguration&, int, double, const char [12])[m[Kâ€™
   63 |         return [01;31m[Kstd::make_unique<Action_A>(name, config, 42, 3.14, "hello world")[m[K;
      |                [01;31m[K~~~~~~~~~~~~~~~~~~~~~~~~~~^~~~~~~~~~~~~~~~~~~~~~~~~~~~~~~~~~~~~~~[m[K
In file included from [01m[K/usr/include/c++/11/memory:76[m[K,
                 from [01m[K/opt/ros/humble/include/rclcpp/rclcpp/rclcpp.hpp:153[m[K,
                 from [01m[K/home/oumuika/Documents/mirs2403/src/carry_project/carry/src/main.cpp:1[m[K:
[01m[K/usr/include/c++/11/bits/unique_ptr.h:961:5:[m[K [01;36m[Knote: [m[Kcandidate: â€˜[01m[Ktemplate<class _Tp, class ... _Args> typename std::_MakeUniq<_Tp>::__single_object std::make_unique(_Args&& ...)[m[Kâ€™
  961 |     [01;36m[Kmake_unique[m[K(_Args&&... __args)
      |     [01;36m[K^~~~~~~~~~~[m[K
[01m[K/usr/include/c++/11/bits/unique_ptr.h:961:5:[m[K [01;36m[Knote: [m[K  template argument deduction/substitution failed:
[01m[K/home/oumuika/Documents/mirs2403/src/carry_project/carry/src/main.cpp:63:42:[m[K [01;31m[Kerror: [m[Ktemplate argument 1 is invalid
   63 |         return [01;31m[Kstd::make_unique<Action_A>(name, config, 42, 3.14, "hello world")[m[K;
      |                [01;31m[K~~~~~~~~~~~~~~~~~~~~~~~~~~^~~~~~~~~~~~~~~~~~~~~~~~~~~~~~~~~~~~~~~[m[K
In file included from [01m[K/usr/include/c++/11/memory:76[m[K,
                 from [01m[K/opt/ros/humble/include/rclcpp/rclcpp/rclcpp.hpp:153[m[K,
                 from [01m[K/home/oumuika/Documents/mirs2403/src/carry_project/carry/src/main.cpp:1[m[K:
[01m[K/usr/include/c++/11/bits/unique_ptr.h:967:5:[m[K [01;36m[Knote: [m[Kcandidate: â€˜[01m[Ktemplate<class _Tp> typename std::_MakeUniq<_Tp>::__array std::make_unique(std::size_t)[m[Kâ€™
  967 |     [01;36m[Kmake_unique[m[K(size_t __num)
      |     [01;36m[K^~~~~~~~~~~[m[K
[01m[K/usr/include/c++/11/bits/unique_ptr.h:967:5:[m[K [01;36m[Knote: [m[K  template argument deduction/substitution failed:
[01m[K/home/oumuika/Documents/mirs2403/src/carry_project/carry/src/main.cpp:63:42:[m[K [01;31m[Kerror: [m[Ktemplate argument 1 is invalid
   63 |         return [01;31m[Kstd::make_unique<Action_A>(name, config, 42, 3.14, "hello world")[m[K;
      |                [01;31m[K~~~~~~~~~~~~~~~~~~~~~~~~~~^~~~~~~~~~~~~~~~~~~~~~~~~~~~~~~~~~~~~~~[m[K
In file included from [01m[K/usr/include/c++/11/memory:76[m[K,
                 from [01m[K/opt/ros/humble/include/rclcpp/rclcpp/rclcpp.hpp:153[m[K,
                 from [01m[K/home/oumuika/Documents/mirs2403/src/carry_project/carry/src/main.cpp:1[m[K:
[01m[K/usr/include/c++/11/bits/unique_ptr.h:973:5:[m[K [01;36m[Knote: [m[Kcandidate: â€˜[01m[Ktemplate<class _Tp, class ... _Args> typename std::_MakeUniq<_Tp>::__invalid_type std::make_unique(_Args&& ...)[m[Kâ€™ (deleted)
  973 |     [01;36m[Kmake_unique[m[K(_Args&&...) = delete;
      |     [01;36m[K^~~~~~~~~~~[m[K
[01m[K/usr/include/c++/11/bits/unique_ptr.h:973:5:[m[K [01;36m[Knote: [m[K  template argument deduction/substitution failed:
[01m[K/home/oumuika/Documents/mirs2403/src/carry_project/carry/src/main.cpp:63:42:[m[K [01;31m[Kerror: [m[Ktemplate argument 1 is invalid
   63 |         return [01;31m[Kstd::make_unique<Action_A>(name, config, 42, 3.14, "hello world")[m[K;
      |                [01;31m[K~~~~~~~~~~~~~~~~~~~~~~~~~~^~~~~~~~~~~~~~~~~~~~~~~~~~~~~~~~~~~~~~~[m[K
[01m[K/home/oumuika/Documents/mirs2403/src/carry_project/carry/src/main.cpp:[m[K In function â€˜[01m[Kint main(int, char**)[m[Kâ€™:
[01m[K/home/oumuika/Documents/mirs2403/src/carry_project/carry/src/main.cpp:64:5:[m[K [01;31m[Kerror: [m[Kconversion from â€˜[01m[Kmain(int, char**)::<lambda(const string&, const BT::NodeConfiguration&)>[m[Kâ€™ to non-scalar type â€˜[01m[KBT::NodeBuilder[m[Kâ€™ {aka â€˜[01m[Kstd::function<std::unique_ptr<BT::TreeNode>(const std::__cxx11::basic_string<char>&, const BT::NodeConfiguration&)>[m[Kâ€™} requested
   64 |     [01;31m[K}[m[K;
      |     [01;31m[K^[m[K
[01m[K/home/oumuika/Documents/mirs2403/src/carry_project/carry/src/main.cpp:72:44:[m[K [01;31m[Kerror: [m[Kno matching function for call to â€˜[01m[KBT::BehaviorTreeFactory::registerNodeType<BT::SubscribePose>(const char [14], std::shared_ptr<rclcpp::Node>&)[m[Kâ€™
   72 |     [01;31m[Kfactory.registerNodeType<SubscribePose>("SubscribePose", ros_node)[m[K;
      |     [01;31m[K~~~~~~~~~~~~~~~~~~~~~~~~~~~~~~~~~~~~~~~^~~~~~~~~~~~~~~~~~~~~~~~~~~[m[K
In file included from [01m[K/home/oumuika/Documents/mirs2403/src/carry_project/carry/include/bt_actions/first_test.hpp:7[m[K,
                 from [01m[K/home/oumuika/Documents/mirs2403/src/carry_project/carry/src/main.cpp:2[m[K:
[01m[K/opt/ros/humble/include/behaviortree_cpp_v3/bt_factory.h:364:8:[m[K [01;36m[Knote: [m[Kcandidate: â€˜[01m[Kvoid BT::BehaviorTreeFactory::registerNodeType(const string&) [with T = BT::SubscribePose; std::string = std::__cxx11::basic_string<char>][m[Kâ€™
  364 |   void [01;36m[KregisterNodeType[m[K(const std::string& ID)
      |        [01;36m[K^~~~~~~~~~~~~~~~[m[K
[01m[K/opt/ros/humble/include/behaviortree_cpp_v3/bt_factory.h:364:8:[m[K [01;36m[Knote: [m[K  candidate expects 1 argument, 2 provided
[01m[K/opt/ros/humble/include/behaviortree_cpp_v3/bt_factory.h:422:8:[m[K [01;36m[Knote: [m[Kcandidate: â€˜[01m[Kvoid BT::BehaviorTreeFactory::registerNodeType(const string&, BT::PortsList) [with T = BT::SubscribePose; std::string = std::__cxx11::basic_string<char>; BT::PortsList = std::unordered_map<std::__cxx11::basic_string<char>, BT::PortInfo>][m[Kâ€™
  422 |   void [01;36m[KregisterNodeType[m[K(const std::string& ID, PortsList ports)
      |        [01;36m[K^~~~~~~~~~~~~~~~[m[K
[01m[K/opt/ros/humble/include/behaviortree_cpp_v3/bt_factory.h:422:58:[m[K [01;36m[Knote: [m[K  no known conversion for argument 2 from â€˜[01m[Kstd::shared_ptr<rclcpp::Node>[m[Kâ€™ to â€˜[01m[KBT::PortsList[m[Kâ€™ {aka â€˜[01m[Kstd::unordered_map<std::__cxx11::basic_string<char>, BT::PortInfo>[m[Kâ€™}
  422 |   void registerNodeType(const std::string& ID, [01;36m[KPortsList ports[m[K)
      |                                                [01;36m[K~~~~~~~~~~^~~~~[m[K
gmake[2]: *** [CMakeFiles/bt_executor.dir/build.make:76: CMakeFiles/bt_executor.dir/src/main.cpp.o] Error 1
gmake[1]: *** [CMakeFiles/Makefile2:139: CMakeFiles/bt_executor.dir/all] Error 2
gmake: *** [Makefile:146: all] Error 2
