-- The C compiler identification is GNU 11.4.0
-- The CXX compiler identification is GNU 11.4.0
-- Detecting C compiler ABI info
-- Detecting C compiler ABI info - done
-- Check for working C compiler: /usr/bin/cc - skipped
-- Detecting C compile features
-- Detecting C compile features - done
-- Detecting CXX compiler ABI info
-- Detecting CXX compiler ABI info - done
-- Check for working CXX compiler: /usr/bin/c++ - skipped
-- Detecting CXX compile features
-- Detecting CXX compile features - done
-- Found ament_cmake: 1.3.10 (/opt/ros/humble/share/ament_cmake/cmake)
-- Found Python3: /usr/bin/python3 (found version "3.10.12") found components: Interpreter 
-- Found rclcpp: 16.0.10 (/opt/ros/humble/share/rclcpp/cmake)
-- Found rosidl_generator_c: 3.1.5 (/opt/ros/humble/share/rosidl_generator_c/cmake)
-- Found rosidl_adapter: 3.1.5 (/opt/ros/humble/share/rosidl_adapter/cmake)
-- Found rosidl_generator_cpp: 3.1.5 (/opt/ros/humble/share/rosidl_generator_cpp/cmake)
-- Using all available rosidl_typesupport_c: rosidl_typesupport_fastrtps_c;rosidl_typesupport_introspection_c
-- Using all available rosidl_typesupport_cpp: rosidl_typesupport_fastrtps_cpp;rosidl_typesupport_introspection_cpp
-- Found rmw_implementation_cmake: 6.1.2 (/opt/ros/humble/share/rmw_implementation_cmake/cmake)
-- Found rmw_fastrtps_cpp: 6.2.7 (/opt/ros/humble/share/rmw_fastrtps_cpp/cmake)
-- Found OpenSSL: /usr/lib/x86_64-linux-gnu/libcrypto.so (found version "3.0.2")  
-- Found FastRTPS: /opt/ros/humble/include  
-- Using RMW implementation 'rmw_fastrtps_cpp' as default
-- Looking for pthread.h
-- Looking for pthread.h - found
-- Performing Test CMAKE_HAVE_LIBC_PTHREAD
-- Performing Test CMAKE_HAVE_LIBC_PTHREAD - Success
-- Found Threads: TRUE  
-- Found rclcpp_action: 16.0.10 (/opt/ros/humble/share/rclcpp_action/cmake)
-- Found mirs_msgs: 0.0.1 (/home/oumuika/Documents/mirs2403/install/mirs_msgs/share/mirs_msgs/cmake)
-- Found nav2_util: 1.1.16 (/opt/ros/humble/share/nav2_util/cmake)
-- Found eigen3_cmake_module: 0.1.1 (/opt/ros/humble/share/eigen3_cmake_module/cmake)
-- Found Eigen3: TRUE (found version "3.4.0") 
-- Ensuring Eigen3 include directory is part of orocos-kdl CMake target
-- Found nav2_bt_navigator: 1.1.16 (/opt/ros/humble/share/nav2_bt_navigator/cmake)
-- Configuring done
-- Generating done
-- Build files have been written to: /home/oumuika/Documents/mirs2403/src/carry_project/build/carry
[ 12%] [32mBuilding CXX object CMakeFiles/test_client.dir/src/test_client.cpp.o[0m
[ 37%] [32mBuilding CXX object CMakeFiles/bt_executor.dir/src/second_test.cpp.o[0m
[ 37%] [32mBuilding CXX object CMakeFiles/bt_executor.dir/src/first_test.cpp.o[0m
[ 62%] [32mBuilding CXX object CMakeFiles/bt_executor.dir/src/random_goal.cpp.o[0m
[ 62%] [32mBuilding CXX object CMakeFiles/bt_executor.dir/src/check_call_service.cpp.o[0m
[ 75%] [32mBuilding CXX object CMakeFiles/bt_executor.dir/src/main.cpp.o[0m
[01m[K/home/oumuika/Documents/mirs2403/src/carry_project/carry/src/check_call_service.cpp:[m[K In static member function â€˜[01m[Kstatic BT::PortsList CheckCallService::providedPorts()[m[Kâ€™:
[01m[K/home/oumuika/Documents/mirs2403/src/carry_project/carry/src/check_call_service.cpp:24:24:[m[K [01;31m[Kerror: [m[Kâ€˜[01m[Kauto[m[Kâ€™ not permitted in template argument
   24 |         BT::OutputPort<[01;31m[Kauto[m[K>("status")
      |                        [01;31m[K^~~~[m[K
[01m[K/home/oumuika/Documents/mirs2403/src/carry_project/carry/src/check_call_service.cpp:24:29:[m[K [01;31m[Kerror: [m[Kno matching function for call to â€˜[01m[KOutputPort<<expression error> >(const char [7])[m[Kâ€™
   24 |         [01;31m[KBT::OutputPort<auto>("status")[m[K
      |         [01;31m[K~~~~~~~~~~~~~~~~~~~~^~~~~~~~~~[m[K
In file included from [01m[K/opt/ros/humble/include/behaviortree_cpp_v3/tree_node.h:22[m[K,
                 from [01m[K/opt/ros/humble/include/behaviortree_cpp_v3/leaf_node.h:17[m[K,
                 from [01m[K/opt/ros/humble/include/behaviortree_cpp_v3/action_node.h:22[m[K,
                 from [01m[K/home/oumuika/Documents/mirs2403/src/carry_project/carry/include/bt_actions/check_call_service.hpp:6[m[K,
                 from [01m[K/home/oumuika/Documents/mirs2403/src/carry_project/carry/src/check_call_service.cpp:1[m[K:
[01m[K/opt/ros/humble/include/behaviortree_cpp_v3/basic_types.h:309:41:[m[K [01;36m[Knote: [m[Kcandidate: â€˜[01m[Ktemplate<class T> std::pair<std::__cxx11::basic_string<char>, BT::PortInfo> BT::OutputPort(BT::StringView, BT::StringView)[m[Kâ€™
  309 | inline std::pair<std::string, PortInfo> [01;36m[KOutputPort[m[K(StringView name,
      |                                         [01;36m[K^~~~~~~~~~[m[K
[01m[K/opt/ros/humble/include/behaviortree_cpp_v3/basic_types.h:309:41:[m[K [01;36m[Knote: [m[K  template argument deduction/substitution failed:
[01m[K/home/oumuika/Documents/mirs2403/src/carry_project/carry/src/check_call_service.cpp:24:29:[m[K [01;31m[Kerror: [m[Ktemplate argument 1 is invalid
   24 |         [01;31m[KBT::OutputPort<auto>("status")[m[K
      |         [01;31m[K~~~~~~~~~~~~~~~~~~~~^~~~~~~~~~[m[K
[01m[K/home/oumuika/Documents/mirs2403/src/carry_project/carry/src/check_call_service.cpp:25:5:[m[K [01;31m[Kerror: [m[Kcould not convert â€˜[01m[K{BT::InputPort(BT::StringView, BT::StringView) [with T = std::shared_ptr<rclcpp::Node>; BT::StringView = nonstd::sv_lite::basic_string_view<char>](nonstd::sv_lite::basic_string_view<char>()), BT::OutputPort(BT::StringView, BT::StringView) [with T = double; BT::StringView = nonstd::sv_lite::basic_string_view<char>](nonstd::sv_lite::basic_string_view<char>()), <expression error>}[m[Kâ€™ from â€˜[01m[K<brace-enclosed initializer list>[m[Kâ€™ to â€˜[01m[KBT::PortsList[m[Kâ€™ {aka â€˜[01m[Kstd::unordered_map<std::__cxx11::basic_string<char>, BT::PortInfo>[m[Kâ€™}
   25 |     [01;31m[K}[m[K;
      |     [01;31m[K^[m[K
      |     [01;31m[K|[m[K
      |     [01;31m[K<brace-enclosed initializer list>[m[K
gmake[2]: *** [CMakeFiles/bt_executor.dir/build.make:132: CMakeFiles/bt_executor.dir/src/check_call_service.cpp.o] Error 1
gmake[2]: *** Waiting for unfinished jobs....
[ 87%] [32m[1mLinking CXX executable test_client[0m
[ 87%] Built target test_client
gmake[1]: *** [CMakeFiles/Makefile2:139: CMakeFiles/bt_executor.dir/all] Error 2
gmake: *** [Makefile:146: all] Error 2
