[0.012s] Invoking command in '/home/oumuika/Documents/mirs2403/src/carry_project/build/carry': CMAKE_PREFIX_PATH=${CMAKE_PREFIX_PATH}:/home/oumuika/Documents/mirs2403/install/web_with_ros2:/home/oumuika/Documents/mirs2403/install/ros2bag_extensions:/opt/ros/humble /usr/bin/cmake /home/oumuika/Documents/mirs2403/src/carry_project/carry -DCMAKE_INSTALL_PREFIX=/home/oumuika/Documents/mirs2403/src/carry_project/install/carry
[0.098s] -- The C compiler identification is GNU 11.4.0
[0.151s] -- The CXX compiler identification is GNU 11.4.0
[0.161s] -- Detecting C compiler ABI info
[0.232s] -- Detecting C compiler ABI info - done
[0.238s] -- Check for working C compiler: /usr/bin/cc - skipped
[0.238s] -- Detecting C compile features
[0.239s] -- Detecting C compile features - done
[0.242s] -- Detecting CXX compiler ABI info
[0.317s] -- Detecting CXX compiler ABI info - done
[0.324s] -- Check for working CXX compiler: /usr/bin/c++ - skipped
[0.324s] -- Detecting CXX compile features
[0.324s] -- Detecting CXX compile features - done
[0.329s] -- Found ament_cmake: 1.3.10 (/opt/ros/humble/share/ament_cmake/cmake)
[0.466s] -- Found Python3: /usr/bin/python3 (found version "3.10.12") found components: Interpreter 
[0.611s] -- Found rclcpp: 16.0.10 (/opt/ros/humble/share/rclcpp/cmake)
[0.672s] -- Found rosidl_generator_c: 3.1.5 (/opt/ros/humble/share/rosidl_generator_c/cmake)
[0.681s] -- Found rosidl_adapter: 3.1.5 (/opt/ros/humble/share/rosidl_adapter/cmake)
[0.692s] -- Found rosidl_generator_cpp: 3.1.5 (/opt/ros/humble/share/rosidl_generator_cpp/cmake)
[0.707s] -- Using all available rosidl_typesupport_c: rosidl_typesupport_fastrtps_c;rosidl_typesupport_introspection_c
[0.727s] -- Using all available rosidl_typesupport_cpp: rosidl_typesupport_fastrtps_cpp;rosidl_typesupport_introspection_cpp
[0.787s] -- Found rmw_implementation_cmake: 6.1.2 (/opt/ros/humble/share/rmw_implementation_cmake/cmake)
[0.791s] -- Found rmw_fastrtps_cpp: 6.2.7 (/opt/ros/humble/share/rmw_fastrtps_cpp/cmake)
[0.896s] -- Found OpenSSL: /usr/lib/x86_64-linux-gnu/libcrypto.so (found version "3.0.2")  
[0.925s] -- Found FastRTPS: /opt/ros/humble/include  
[0.971s] -- Using RMW implementation 'rmw_fastrtps_cpp' as default
[0.986s] -- Looking for pthread.h
[1.057s] -- Looking for pthread.h - found
[1.057s] -- Performing Test CMAKE_HAVE_LIBC_PTHREAD
[1.125s] -- Performing Test CMAKE_HAVE_LIBC_PTHREAD - Success
[1.127s] -- Found Threads: TRUE  
[1.182s] -- Found rclcpp_action: 16.0.10 (/opt/ros/humble/share/rclcpp_action/cmake)
[1.221s] -- Found mirs_msgs: 0.0.1 (/home/oumuika/Documents/mirs2403/install/mirs_msgs/share/mirs_msgs/cmake)
[1.233s] -- Found nav2_util: 1.1.16 (/opt/ros/humble/share/nav2_util/cmake)
[1.394s] -- Found eigen3_cmake_module: 0.1.1 (/opt/ros/humble/share/eigen3_cmake_module/cmake)
[1.395s] -- Found Eigen3: TRUE (found version "3.4.0") 
[1.395s] -- Ensuring Eigen3 include directory is part of orocos-kdl CMake target
[1.457s] -- Found nav2_bt_navigator: 1.1.16 (/opt/ros/humble/share/nav2_bt_navigator/cmake)
[2.179s] -- Configuring done
[2.233s] -- Generating done
[2.235s] -- Build files have been written to: /home/oumuika/Documents/mirs2403/src/carry_project/build/carry
[2.245s] Invoked command in '/home/oumuika/Documents/mirs2403/src/carry_project/build/carry' returned '0': CMAKE_PREFIX_PATH=${CMAKE_PREFIX_PATH}:/home/oumuika/Documents/mirs2403/install/web_with_ros2:/home/oumuika/Documents/mirs2403/install/ros2bag_extensions:/opt/ros/humble /usr/bin/cmake /home/oumuika/Documents/mirs2403/src/carry_project/carry -DCMAKE_INSTALL_PREFIX=/home/oumuika/Documents/mirs2403/src/carry_project/install/carry
[2.247s] Invoking command in '/home/oumuika/Documents/mirs2403/src/carry_project/build/carry': CMAKE_PREFIX_PATH=${CMAKE_PREFIX_PATH}:/home/oumuika/Documents/mirs2403/install/web_with_ros2:/home/oumuika/Documents/mirs2403/install/ros2bag_extensions:/opt/ros/humble /usr/bin/cmake --build /home/oumuika/Documents/mirs2403/src/carry_project/build/carry -- -j16 -l16
[2.302s] [ 12%] [32mBuilding CXX object CMakeFiles/test_client.dir/src/test_client.cpp.o[0m
[2.302s] [ 37%] [32mBuilding CXX object CMakeFiles/bt_executor.dir/src/second_test.cpp.o[0m
[2.302s] [ 37%] [32mBuilding CXX object CMakeFiles/bt_executor.dir/src/first_test.cpp.o[0m
[2.303s] [ 62%] [32mBuilding CXX object CMakeFiles/bt_executor.dir/src/random_goal.cpp.o[0m
[2.303s] [ 62%] [32mBuilding CXX object CMakeFiles/bt_executor.dir/src/check_call_service.cpp.o[0m
[2.303s] [ 75%] [32mBuilding CXX object CMakeFiles/bt_executor.dir/src/main.cpp.o[0m
[4.466s] [01m[K/home/oumuika/Documents/mirs2403/src/carry_project/carry/src/check_call_service.cpp:[m[K In static member function â€˜[01m[Kstatic BT::PortsList CheckCallService::providedPorts()[m[Kâ€™:
[4.466s] [01m[K/home/oumuika/Documents/mirs2403/src/carry_project/carry/src/check_call_service.cpp:24:24:[m[K [01;31m[Kerror: [m[Kâ€˜[01m[Kauto[m[Kâ€™ not permitted in template argument
[4.466s]    24 |         BT::OutputPort<[01;31m[Kauto[m[K>("status")
[4.467s]       |                        [01;31m[K^~~~[m[K
[4.467s] [01m[K/home/oumuika/Documents/mirs2403/src/carry_project/carry/src/check_call_service.cpp:24:29:[m[K [01;31m[Kerror: [m[Kno matching function for call to â€˜[01m[KOutputPort<<expression error> >(const char [7])[m[Kâ€™
[4.467s]    24 |         [01;31m[KBT::OutputPort<auto>("status")[m[K
[4.467s]       |         [01;31m[K~~~~~~~~~~~~~~~~~~~~^~~~~~~~~~[m[K
[4.467s] In file included from [01m[K/opt/ros/humble/include/behaviortree_cpp_v3/tree_node.h:22[m[K,
[4.467s]                  from [01m[K/opt/ros/humble/include/behaviortree_cpp_v3/leaf_node.h:17[m[K,
[4.467s]                  from [01m[K/opt/ros/humble/include/behaviortree_cpp_v3/action_node.h:22[m[K,
[4.467s]                  from [01m[K/home/oumuika/Documents/mirs2403/src/carry_project/carry/include/bt_actions/check_call_service.hpp:6[m[K,
[4.467s]                  from [01m[K/home/oumuika/Documents/mirs2403/src/carry_project/carry/src/check_call_service.cpp:1[m[K:
[4.467s] [01m[K/opt/ros/humble/include/behaviortree_cpp_v3/basic_types.h:309:41:[m[K [01;36m[Knote: [m[Kcandidate: â€˜[01m[Ktemplate<class T> std::pair<std::__cxx11::basic_string<char>, BT::PortInfo> BT::OutputPort(BT::StringView, BT::StringView)[m[Kâ€™
[4.467s]   309 | inline std::pair<std::string, PortInfo> [01;36m[KOutputPort[m[K(StringView name,
[4.467s]       |                                         [01;36m[K^~~~~~~~~~[m[K
[4.468s] [01m[K/opt/ros/humble/include/behaviortree_cpp_v3/basic_types.h:309:41:[m[K [01;36m[Knote: [m[K  template argument deduction/substitution failed:
[4.468s] [01m[K/home/oumuika/Documents/mirs2403/src/carry_project/carry/src/check_call_service.cpp:24:29:[m[K [01;31m[Kerror: [m[Ktemplate argument 1 is invalid
[4.468s]    24 |         [01;31m[KBT::OutputPort<auto>("status")[m[K
[4.468s]       |         [01;31m[K~~~~~~~~~~~~~~~~~~~~^~~~~~~~~~[m[K
[4.468s] [01m[K/home/oumuika/Documents/mirs2403/src/carry_project/carry/src/check_call_service.cpp:25:5:[m[K [01;31m[Kerror: [m[Kcould not convert â€˜[01m[K{BT::InputPort(BT::StringView, BT::StringView) [with T = std::shared_ptr<rclcpp::Node>; BT::StringView = nonstd::sv_lite::basic_string_view<char>](nonstd::sv_lite::basic_string_view<char>()), BT::OutputPort(BT::StringView, BT::StringView) [with T = double; BT::StringView = nonstd::sv_lite::basic_string_view<char>](nonstd::sv_lite::basic_string_view<char>()), <expression error>}[m[Kâ€™ from â€˜[01m[K<brace-enclosed initializer list>[m[Kâ€™ to â€˜[01m[KBT::PortsList[m[Kâ€™ {aka â€˜[01m[Kstd::unordered_map<std::__cxx11::basic_string<char>, BT::PortInfo>[m[Kâ€™}
[4.468s]    25 |     [01;31m[K}[m[K;
[4.468s]       |     [01;31m[K^[m[K
[4.468s]       |     [01;31m[K|[m[K
[4.468s]       |     [01;31m[K<brace-enclosed initializer list>[m[K
[5.060s] gmake[2]: *** [CMakeFiles/bt_executor.dir/build.make:132: CMakeFiles/bt_executor.dir/src/check_call_service.cpp.o] Error 1
[5.060s] gmake[2]: *** Waiting for unfinished jobs....
[5.073s] [ 87%] [32m[1mLinking CXX executable test_client[0m
[5.206s] [ 87%] Built target test_client
[5.591s] gmake[1]: *** [CMakeFiles/Makefile2:139: CMakeFiles/bt_executor.dir/all] Error 2
[5.591s] gmake: *** [Makefile:146: all] Error 2
[5.594s] Invoked command in '/home/oumuika/Documents/mirs2403/src/carry_project/build/carry' returned '2': CMAKE_PREFIX_PATH=${CMAKE_PREFIX_PATH}:/home/oumuika/Documents/mirs2403/install/web_with_ros2:/home/oumuika/Documents/mirs2403/install/ros2bag_extensions:/opt/ros/humble /usr/bin/cmake --build /home/oumuika/Documents/mirs2403/src/carry_project/build/carry -- -j16 -l16
